<?xml version="1.0" encoding="UTF-8"?>
<testng-results ignored="0" total="4" passed="4" failed="0" skipped="0">
  <reporter-output>
  </reporter-output>
  <suite started-at="2022-01-01T10:04:38 EST" name="Default suite" finished-at="2022-01-01T10:06:56 EST" duration-ms="138183">
    <groups>
    </groups>
    <test started-at="2022-01-01T10:04:38 EST" name="Default test" finished-at="2022-01-01T10:06:56 EST" duration-ms="138183">
      <class name="Regression.ExpediaTest">
        <test-method is-config="true" signature="beforeTest()[pri:0, instance:Regression.ExpediaTest@2473d930]" started-at="2022-01-01T10:04:38 EST" name="beforeTest" finished-at="2022-01-01T10:04:45 EST" duration-ms="6634" status="PASS">
          <reporter-output>
          </reporter-output>
        </test-method> <!-- beforeTest -->
        <test-method signature="Test1()[pri:1, instance:Regression.ExpediaTest@2473d930]" started-at="2022-01-01T10:04:45 EST" name="Test1" finished-at="2022-01-01T10:05:05 EST" duration-ms="20237" status="PASS">
          <reporter-output>
          </reporter-output>
        </test-method> <!-- Test1 -->
        <test-method signature="Test2()[pri:2, instance:Regression.ExpediaTest@2473d930]" started-at="2022-01-01T10:05:05 EST" name="Test2" finished-at="2022-01-01T10:05:21 EST" duration-ms="16289" status="PASS">
          <reporter-output>
          </reporter-output>
        </test-method> <!-- Test2 -->
        <test-method signature="Test3()[pri:3, instance:Regression.ExpediaTest@2473d930]" started-at="2022-01-01T10:05:21 EST" name="Test3" finished-at="2022-01-01T10:06:22 EST" duration-ms="60177" status="PASS">
          <reporter-output>
          </reporter-output>
        </test-method> <!-- Test3 -->
        <test-method signature="Test4()[pri:4, instance:Regression.ExpediaTest@2473d930]" started-at="2022-01-01T10:06:22 EST" name="Test4" finished-at="2022-01-01T10:06:53 EST" duration-ms="31069" status="PASS">
          <reporter-output>
          </reporter-output>
        </test-method> <!-- Test4 -->
        <test-method is-config="true" signature="afterTest()[pri:0, instance:Regression.ExpediaTest@2473d930]" started-at="2022-01-01T10:06:53 EST" name="afterTest" finished-at="2022-01-01T10:06:56 EST" duration-ms="3742" status="PASS">
          <reporter-output>
          </reporter-output>
        </test-method> <!-- afterTest -->
      </class> <!-- Regression.ExpediaTest -->
    </test> <!-- Default test -->
  </suite> <!-- Default suite -->
</testng-results>
