<?xml version="1.0" encoding="UTF-8"?>
<!-- Generated by org.testng.reporters.JUnitXMLReporter -->
<testsuite ignored="0" hostname="DESKTOP-UID2B5J" failures="0" tests="4" name="Default test" time="138.183" errors="0" timestamp="2022-01-01T10:06:56 EST">
  <testcase classname="Regression.ExpediaTest" name="Test1" time="20.237"/>
  <testcase classname="Regression.ExpediaTest" name="Test2" time="16.289"/>
  <testcase classname="Regression.ExpediaTest" name="Test3" time="60.177"/>
  <testcase classname="Regression.ExpediaTest" name="Test4" time="31.069"/>
</testsuite> <!-- Default test -->
